<?xml version="1.0" encoding="utf-8" standalone="no"?>
<test-results xmlns:xsi="http://www.w3.org/2001/XMLSchema-instance" xsi:noNamespaceSchemaLocation="nunit_schema_2.5.xsd" name="Pester" total="116" errors="0" failures="0" not-run="0" inconclusive="0" ignored="0" skipped="0" invalid="0" date="2019-03-29" time="23:59:38">
  <environment user="appveyor" machine-name="APPVYR-WIN" cwd="C:\projects\intune-icons" user-domain="APPVYR-WIN" platform="Microsoft Windows Server 2012 R2 Datacenter|C:\windows|\Device\Harddisk0\Partition5" nunit-version="2.5.8.0" os-version="6.3.9600" clr-version="4.0.30319.42000" />
  <culture-info current-culture="en-US" current-uiculture="en-US" />
  <test-suite type="TestFixture" name="Pester" executed="True" result="Success" success="True" time="3.0634" asserts="0" description="Pester">
    <results>
      <test-suite type="TestFixture" name="C:\projects\intune-icons\tests\Main.Tests.ps1" executed="True" result="Success" success="True" time="3.0634" asserts="0" description="C:\projects\intune-icons\tests\Main.Tests.ps1">
        <results>
          <test-suite type="TestFixture" name="All images should be in PNG format" executed="True" result="Success" success="True" time="1.9844" asserts="0" description="All images should be in PNG format">
            <results>
              <test-case description="Adobe-AcrobatReader.png should be a .PNG file" name="All images should be in PNG format.Adobe-AcrobatReader.png should be a .PNG file" time="0.2823" asserts="0" success="True" result="Success" executed="True" />
              <test-case description="Adobe-AcrobatReaderMacOS.png should be a .PNG file" name="All images should be in PNG format.Adobe-AcrobatReaderMacOS.png should be a .PNG file" time="0.0038" asserts="0" success="True" result="Success" executed="True" />
              <test-case description="Adobe-ReaderIntune.png should be a .PNG file" name="All images should be in PNG format.Adobe-ReaderIntune.png should be a .PNG file" time="0.0035" asserts="0" success="True" result="Success" executed="True" />
              <test-case description="Citrix-Files.png should be a .PNG file" name="All images should be in PNG format.Citrix-Files.png should be a .PNG file" time="0.0034" asserts="0" success="True" result="Success" executed="True" />
              <test-case description="citrix-reciever.png should be a .PNG file" name="All images should be in PNG format.citrix-reciever.png should be a .PNG file" time="0.0026" asserts="0" success="True" result="Success" executed="True" />
              <test-case description="Citrix-SecureHub.png should be a .PNG file" name="All images should be in PNG format.Citrix-SecureHub.png should be a .PNG file" time="0.0028" asserts="0" success="True" result="Success" executed="True" />
              <test-case description="Citrix-SecureMail.png should be a .PNG file" name="All images should be in PNG format.Citrix-SecureMail.png should be a .PNG file" time="0.0028" asserts="0" success="True" result="Success" executed="True" />
              <test-case description="Citrix-SecureWeb.png should be a .PNG file" name="All images should be in PNG format.Citrix-SecureWeb.png should be a .PNG file" time="0.0027" asserts="0" success="True" result="Success" executed="True" />
              <test-case description="Citrix-ShareFile-white.png should be a .PNG file" name="All images should be in PNG format.Citrix-ShareFile-white.png should be a .PNG file" time="0.0026" asserts="0" success="True" result="Success" executed="True" />
              <test-case description="Citrix-SSO.png should be a .PNG file" name="All images should be in PNG format.Citrix-SSO.png should be a .PNG file" time="0.0026" asserts="0" success="True" result="Success" executed="True" />
              <test-case description="Citrix-WorkflowsXenMobile.png should be a .PNG file" name="All images should be in PNG format.Citrix-WorkflowsXenMobile.png should be a .PNG file" time="0.0027" asserts="0" success="True" result="Success" executed="True" />
              <test-case description="Citrix-Workspace.png should be a .PNG file" name="All images should be in PNG format.Citrix-Workspace.png should be a .PNG file" time="0.0034" asserts="0" success="True" result="Success" executed="True" />
              <test-case description="Citrix-WorkspaceApp-Windows.png should be a .PNG file" name="All images should be in PNG format.Citrix-WorkspaceApp-Windows.png should be a .PNG file" time="0.0026" asserts="0" success="True" result="Success" executed="True" />
              <test-case description="Dropbox.png should be a .PNG file" name="All images should be in PNG format.Dropbox.png should be a .PNG file" time="0.003" asserts="0" success="True" result="Success" executed="True" />
              <test-case description="General-Fonts.png should be a .PNG file" name="All images should be in PNG format.General-Fonts.png should be a .PNG file" time="0.0035" asserts="0" success="True" result="Success" executed="True" />
              <test-case description="google-chrome.png should be a .PNG file" name="All images should be in PNG format.google-chrome.png should be a .PNG file" time="0.0037" asserts="0" success="True" result="Success" executed="True" />
              <test-case description="Intune-CompanyPortal.png should be a .PNG file" name="All images should be in PNG format.Intune-CompanyPortal.png should be a .PNG file" time="0.003" asserts="0" success="True" result="Success" executed="True" />
              <test-case description="Microsoft-Authenticator.png should be a .PNG file" name="All images should be in PNG format.Microsoft-Authenticator.png should be a .PNG file" time="0.003" asserts="0" success="True" result="Success" executed="True" />
              <test-case description="Microsoft-AzureInformationProtection.png should be a .PNG file" name="All images should be in PNG format.Microsoft-AzureInformationProtection.png should be a .PNG file" time="0.0028" asserts="0" success="True" result="Success" executed="True" />
              <test-case description="Microsoft-Bookings.png should be a .PNG file" name="All images should be in PNG format.Microsoft-Bookings.png should be a .PNG file" time="0.0027" asserts="0" success="True" result="Success" executed="True" />
              <test-case description="Microsoft-Dynamics365.png should be a .PNG file" name="All images should be in PNG format.Microsoft-Dynamics365.png should be a .PNG file" time="0.0027" asserts="0" success="True" result="Success" executed="True" />
              <test-case description="Microsoft-DynamicsCRM.png should be a .PNG file" name="All images should be in PNG format.Microsoft-DynamicsCRM.png should be a .PNG file" time="0.0026" asserts="0" success="True" result="Success" executed="True" />
              <test-case description="Microsoft-DynamicsNAV.png should be a .PNG file" name="All images should be in PNG format.Microsoft-DynamicsNAV.png should be a .PNG file" time="0.0027" asserts="0" success="True" result="Success" executed="True" />
              <test-case description="microsoft-edge.png should be a .PNG file" name="All images should be in PNG format.microsoft-edge.png should be a .PNG file" time="0.0026" asserts="0" success="True" result="Success" executed="True" />
              <test-case description="Microsoft-Excel.png should be a .PNG file" name="All images should be in PNG format.Microsoft-Excel.png should be a .PNG file" time="0.0042" asserts="0" success="True" result="Success" executed="True" />
              <test-case description="Microsoft-Flow.png should be a .PNG file" name="All images should be in PNG format.Microsoft-Flow.png should be a .PNG file" time="0.0028" asserts="0" success="True" result="Success" executed="True" />
              <test-case description="Microsoft-Invoicing.png should be a .PNG file" name="All images should be in PNG format.Microsoft-Invoicing.png should be a .PNG file" time="0.0026" asserts="0" success="True" result="Success" executed="True" />
              <test-case description="Microsoft-Kaizala.png should be a .PNG file" name="All images should be in PNG format.Microsoft-Kaizala.png should be a .PNG file" time="0.0025" asserts="0" success="True" result="Success" executed="True" />
              <test-case description="Microsoft-ManagedBrowser.png should be a .PNG file" name="All images should be in PNG format.Microsoft-ManagedBrowser.png should be a .PNG file" time="0.0026" asserts="0" success="True" result="Success" executed="True" />
              <test-case description="Microsoft-MyApps.png should be a .PNG file" name="All images should be in PNG format.Microsoft-MyApps.png should be a .PNG file" time="0.0041" asserts="0" success="True" result="Success" executed="True" />
              <test-case description="Microsoft-Office-Lens.png should be a .PNG file" name="All images should be in PNG format.Microsoft-Office-Lens.png should be a .PNG file" time="0.0026" asserts="0" success="True" result="Success" executed="True" />
              <test-case description="Microsoft-OfficeDelve.png should be a .PNG file" name="All images should be in PNG format.Microsoft-OfficeDelve.png should be a .PNG file" time="0.0033" asserts="0" success="True" result="Success" executed="True" />
              <test-case description="Microsoft-OneDrive-iOS.png should be a .PNG file" name="All images should be in PNG format.Microsoft-OneDrive-iOS.png should be a .PNG file" time="0.003" asserts="0" success="True" result="Success" executed="True" />
              <test-case description="Microsoft-OneNote.png should be a .PNG file" name="All images should be in PNG format.Microsoft-OneNote.png should be a .PNG file" time="0.0041" asserts="0" success="True" result="Success" executed="True" />
              <test-case description="Microsoft-Outlook.png should be a .PNG file" name="All images should be in PNG format.Microsoft-Outlook.png should be a .PNG file" time="0.0026" asserts="0" success="True" result="Success" executed="True" />
              <test-case description="Microsoft-Planner-iOS.png should be a .PNG file" name="All images should be in PNG format.Microsoft-Planner-iOS.png should be a .PNG file" time="0.0031" asserts="0" success="True" result="Success" executed="True" />
              <test-case description="Microsoft-Powerapps.png should be a .PNG file" name="All images should be in PNG format.Microsoft-Powerapps.png should be a .PNG file" time="0.0031" asserts="0" success="True" result="Success" executed="True" />
              <test-case description="Microsoft-PowerBI.png should be a .PNG file" name="All images should be in PNG format.Microsoft-PowerBI.png should be a .PNG file" time="0.0031" asserts="0" success="True" result="Success" executed="True" />
              <test-case description="Microsoft-PowerPoint.png should be a .PNG file" name="All images should be in PNG format.Microsoft-PowerPoint.png should be a .PNG file" time="0.0027" asserts="0" success="True" result="Success" executed="True" />
              <test-case description="Microsoft-RemoteDesktop-macOS.png should be a .PNG file" name="All images should be in PNG format.Microsoft-RemoteDesktop-macOS.png should be a .PNG file" time="0.003" asserts="0" success="True" result="Success" executed="True" />
              <test-case description="Microsoft-RemoteDesktop-Windows.png should be a .PNG file" name="All images should be in PNG format.Microsoft-RemoteDesktop-Windows.png should be a .PNG file" time="0.0045" asserts="0" success="True" result="Success" executed="True" />
              <test-case description="Microsoft-RemoteDesktop.png should be a .PNG file" name="All images should be in PNG format.Microsoft-RemoteDesktop.png should be a .PNG file" time="0.0026" asserts="0" success="True" result="Success" executed="True" />
              <test-case description="Microsoft-SharePoint.png should be a .PNG file" name="All images should be in PNG format.Microsoft-SharePoint.png should be a .PNG file" time="0.0035" asserts="0" success="True" result="Success" executed="True" />
              <test-case description="Microsoft-Staffhub.png should be a .PNG file" name="All images should be in PNG format.Microsoft-Staffhub.png should be a .PNG file" time="0.0027" asserts="0" success="True" result="Success" executed="True" />
              <test-case description="Microsoft-Stream.png should be a .PNG file" name="All images should be in PNG format.Microsoft-Stream.png should be a .PNG file" time="0.0026" asserts="0" success="True" result="Success" executed="True" />
              <test-case description="Microsoft-Teams-macos.png should be a .PNG file" name="All images should be in PNG format.Microsoft-Teams-macos.png should be a .PNG file" time="0.0026" asserts="0" success="True" result="Success" executed="True" />
              <test-case description="Microsoft-Teams.png should be a .PNG file" name="All images should be in PNG format.Microsoft-Teams.png should be a .PNG file" time="0.0064" asserts="0" success="True" result="Success" executed="True" />
              <test-case description="Microsoft-ToDo.png should be a .PNG file" name="All images should be in PNG format.Microsoft-ToDo.png should be a .PNG file" time="0.0028" asserts="0" success="True" result="Success" executed="True" />
              <test-case description="Microsoft-Visio.png should be a .PNG file" name="All images should be in PNG format.Microsoft-Visio.png should be a .PNG file" time="0.0035" asserts="0" success="True" result="Success" executed="True" />
              <test-case description="Microsoft-VSCode-MacOS.png should be a .PNG file" name="All images should be in PNG format.Microsoft-VSCode-MacOS.png should be a .PNG file" time="0.0147" asserts="0" success="True" result="Success" executed="True" />
              <test-case description="Microsoft-Whiteboard.png should be a .PNG file" name="All images should be in PNG format.Microsoft-Whiteboard.png should be a .PNG file" time="0.0026" asserts="0" success="True" result="Success" executed="True" />
              <test-case description="Microsoft-Word.png should be a .PNG file" name="All images should be in PNG format.Microsoft-Word.png should be a .PNG file" time="0.0029" asserts="0" success="True" result="Success" executed="True" />
              <test-case description="Microsoft-WorkFolders.png should be a .PNG file" name="All images should be in PNG format.Microsoft-WorkFolders.png should be a .PNG file" time="0.0029" asserts="0" success="True" result="Success" executed="True" />
              <test-case description="Microsoft-Yammer.png should be a .PNG file" name="All images should be in PNG format.Microsoft-Yammer.png should be a .PNG file" time="0.0028" asserts="0" success="True" result="Success" executed="True" />
              <test-case description="Mozilla-Firefox.png should be a .PNG file" name="All images should be in PNG format.Mozilla-Firefox.png should be a .PNG file" time="0.0062" asserts="0" success="True" result="Success" executed="True" />
              <test-case description="Paint.Net.png should be a .PNG file" name="All images should be in PNG format.Paint.Net.png should be a .PNG file" time="0.0038" asserts="0" success="True" result="Success" executed="True" />
              <test-case description="qlikview.png should be a .PNG file" name="All images should be in PNG format.qlikview.png should be a .PNG file" time="0.0025" asserts="0" success="True" result="Success" executed="True" />
              <test-case description="Zoom.png should be a .PNG file" name="All images should be in PNG format.Zoom.png should be a .PNG file" time="0.0028" asserts="0" success="True" result="Success" executed="True" />
            </results>
          </test-suite>
          <test-suite type="TestFixture" name="All images should be square" executed="True" result="Success" success="True" time="0.8922" asserts="0" description="All images should be square">
            <results>
              <test-case description="Adobe-AcrobatReader.png should match height and width" name="All images should be square.Adobe-AcrobatReader.png should match height and width" time="0.0113" asserts="0" success="True" result="Success" executed="True" />
              <test-case description="Adobe-AcrobatReaderMacOS.png should match height and width" name="All images should be square.Adobe-AcrobatReaderMacOS.png should match height and width" time="0.0024" asserts="0" success="True" result="Success" executed="True" />
              <test-case description="Adobe-ReaderIntune.png should match height and width" name="All images should be square.Adobe-ReaderIntune.png should match height and width" time="0.0028" asserts="0" success="True" result="Success" executed="True" />
              <test-case description="Citrix-Files.png should match height and width" name="All images should be square.Citrix-Files.png should match height and width" time="0.0024" asserts="0" success="True" result="Success" executed="True" />
              <test-case description="citrix-reciever.png should match height and width" name="All images should be square.citrix-reciever.png should match height and width" time="0.0049" asserts="0" success="True" result="Success" executed="True" />
              <test-case description="Citrix-SecureHub.png should match height and width" name="All images should be square.Citrix-SecureHub.png should match height and width" time="0.0117" asserts="0" success="True" result="Success" executed="True" />
              <test-case description="Citrix-SecureMail.png should match height and width" name="All images should be square.Citrix-SecureMail.png should match height and width" time="0.0026" asserts="0" success="True" result="Success" executed="True" />
              <test-case description="Citrix-SecureWeb.png should match height and width" name="All images should be square.Citrix-SecureWeb.png should match height and width" time="0.003" asserts="0" success="True" result="Success" executed="True" />
              <test-case description="Citrix-ShareFile-white.png should match height and width" name="All images should be square.Citrix-ShareFile-white.png should match height and width" time="0.0031" asserts="0" success="True" result="Success" executed="True" />
              <test-case description="Citrix-SSO.png should match height and width" name="All images should be square.Citrix-SSO.png should match height and width" time="0.003" asserts="0" success="True" result="Success" executed="True" />
              <test-case description="Citrix-WorkflowsXenMobile.png should match height and width" name="All images should be square.Citrix-WorkflowsXenMobile.png should match height and width" time="0.0032" asserts="0" success="True" result="Success" executed="True" />
              <test-case description="Citrix-Workspace.png should match height and width" name="All images should be square.Citrix-Workspace.png should match height and width" time="0.0024" asserts="0" success="True" result="Success" executed="True" />
              <test-case description="Citrix-WorkspaceApp-Windows.png should match height and width" name="All images should be square.Citrix-WorkspaceApp-Windows.png should match height and width" time="0.003" asserts="0" success="True" result="Success" executed="True" />
              <test-case description="Dropbox.png should match height and width" name="All images should be square.Dropbox.png should match height and width" time="0.0028" asserts="0" success="True" result="Success" executed="True" />
              <test-case description="General-Fonts.png should match height and width" name="All images should be square.General-Fonts.png should match height and width" time="0.0028" asserts="0" success="True" result="Success" executed="True" />
              <test-case description="google-chrome.png should match height and width" name="All images should be square.google-chrome.png should match height and width" time="0.0029" asserts="0" success="True" result="Success" executed="True" />
              <test-case description="Intune-CompanyPortal.png should match height and width" name="All images should be square.Intune-CompanyPortal.png should match height and width" time="0.0027" asserts="0" success="True" result="Success" executed="True" />
              <test-case description="Microsoft-Authenticator.png should match height and width" name="All images should be square.Microsoft-Authenticator.png should match height and width" time="0.0028" asserts="0" success="True" result="Success" executed="True" />
              <test-case description="Microsoft-AzureInformationProtection.png should match height and width" name="All images should be square.Microsoft-AzureInformationProtection.png should match height and width" time="0.0028" asserts="0" success="True" result="Success" executed="True" />
              <test-case description="Microsoft-Bookings.png should match height and width" name="All images should be square.Microsoft-Bookings.png should match height and width" time="0.0027" asserts="0" success="True" result="Success" executed="True" />
              <test-case description="Microsoft-Dynamics365.png should match height and width" name="All images should be square.Microsoft-Dynamics365.png should match height and width" time="0.0029" asserts="0" success="True" result="Success" executed="True" />
              <test-case description="Microsoft-DynamicsCRM.png should match height and width" name="All images should be square.Microsoft-DynamicsCRM.png should match height and width" time="0.0025" asserts="0" success="True" result="Success" executed="True" />
              <test-case description="Microsoft-DynamicsNAV.png should match height and width" name="All images should be square.Microsoft-DynamicsNAV.png should match height and width" time="0.0024" asserts="0" success="True" result="Success" executed="True" />
              <test-case description="microsoft-edge.png should match height and width" name="All images should be square.microsoft-edge.png should match height and width" time="0.0024" asserts="0" success="True" result="Success" executed="True" />
              <test-case description="Microsoft-Excel.png should match height and width" name="All images should be square.Microsoft-Excel.png should match height and width" time="0.0024" asserts="0" success="True" result="Success" executed="True" />
              <test-case description="Microsoft-Flow.png should match height and width" name="All images should be square.Microsoft-Flow.png should match height and width" time="0.0023" asserts="0" success="True" result="Success" executed="True" />
              <test-case description="Microsoft-Invoicing.png should match height and width" name="All images should be square.Microsoft-Invoicing.png should match height and width" time="0.0022" asserts="0" success="True" result="Success" executed="True" />
              <test-case description="Microsoft-Kaizala.png should match height and width" name="All images should be square.Microsoft-Kaizala.png should match height and width" time="0.0029" asserts="0" success="True" result="Success" executed="True" />
              <test-case description="Microsoft-ManagedBrowser.png should match height and width" name="All images should be square.Microsoft-ManagedBrowser.png should match height and width" time="0.0078" asserts="0" success="True" result="Success" executed="True" />
              <test-case description="Microsoft-MyApps.png should match height and width" name="All images should be square.Microsoft-MyApps.png should match height and width" time="0.0028" asserts="0" success="True" result="Success" executed="True" />
              <test-case description="Microsoft-Office-Lens.png should match height and width" name="All images should be square.Microsoft-Office-Lens.png should match height and width" time="0.0033" asserts="0" success="True" result="Success" executed="True" />
              <test-case description="Microsoft-OfficeDelve.png should match height and width" name="All images should be square.Microsoft-OfficeDelve.png should match height and width" time="0.0035" asserts="0" success="True" result="Success" executed="True" />
              <test-case description="Microsoft-OneDrive-iOS.png should match height and width" name="All images should be square.Microsoft-OneDrive-iOS.png should match height and width" time="0.0031" asserts="0" success="True" result="Success" executed="True" />
              <test-case description="Microsoft-OneNote.png should match height and width" name="All images should be square.Microsoft-OneNote.png should match height and width" time="0.0033" asserts="0" success="True" result="Success" executed="True" />
              <test-case description="Microsoft-Outlook.png should match height and width" name="All images should be square.Microsoft-Outlook.png should match height and width" time="0.003" asserts="0" success="True" result="Success" executed="True" />
              <test-case description="Microsoft-Planner-iOS.png should match height and width" name="All images should be square.Microsoft-Planner-iOS.png should match height and width" time="0.0026" asserts="0" success="True" result="Success" executed="True" />
              <test-case description="Microsoft-Powerapps.png should match height and width" name="All images should be square.Microsoft-Powerapps.png should match height and width" time="0.0029" asserts="0" success="True" result="Success" executed="True" />
              <test-case description="Microsoft-PowerBI.png should match height and width" name="All images should be square.Microsoft-PowerBI.png should match height and width" time="0.0032" asserts="0" success="True" result="Success" executed="True" />
              <test-case description="Microsoft-PowerPoint.png should match height and width" name="All images should be square.Microsoft-PowerPoint.png should match height and width" time="0.0025" asserts="0" success="True" result="Success" executed="True" />
              <test-case description="Microsoft-RemoteDesktop-macOS.png should match height and width" name="All images should be square.Microsoft-RemoteDesktop-macOS.png should match height and width" time="0.0024" asserts="0" success="True" result="Success" executed="True" />
              <test-case description="Microsoft-RemoteDesktop-Windows.png should match height and width" name="All images should be square.Microsoft-RemoteDesktop-Windows.png should match height and width" time="0.003" asserts="0" success="True" result="Success" executed="True" />
              <test-case description="Microsoft-RemoteDesktop.png should match height and width" name="All images should be square.Microsoft-RemoteDesktop.png should match height and width" time="0.0027" asserts="0" success="True" result="Success" executed="True" />
              <test-case description="Microsoft-SharePoint.png should match height and width" name="All images should be square.Microsoft-SharePoint.png should match height and width" time="0.0069" asserts="0" success="True" result="Success" executed="True" />
              <test-case description="Microsoft-Staffhub.png should match height and width" name="All images should be square.Microsoft-Staffhub.png should match height and width" time="0.0028" asserts="0" success="True" result="Success" executed="True" />
              <test-case description="Microsoft-Stream.png should match height and width" name="All images should be square.Microsoft-Stream.png should match height and width" time="0.0028" asserts="0" success="True" result="Success" executed="True" />
              <test-case description="Microsoft-Teams-macos.png should match height and width" name="All images should be square.Microsoft-Teams-macos.png should match height and width" time="0.0026" asserts="0" success="True" result="Success" executed="True" />
              <test-case description="Microsoft-Teams.png should match height and width" name="All images should be square.Microsoft-Teams.png should match height and width" time="0.0025" asserts="0" success="True" result="Success" executed="True" />
              <test-case description="Microsoft-ToDo.png should match height and width" name="All images should be square.Microsoft-ToDo.png should match height and width" time="0.0029" asserts="0" success="True" result="Success" executed="True" />
              <test-case description="Microsoft-Visio.png should match height and width" name="All images should be square.Microsoft-Visio.png should match height and width" time="0.0027" asserts="0" success="True" result="Success" executed="True" />
              <test-case description="Microsoft-VSCode-MacOS.png should match height and width" name="All images should be square.Microsoft-VSCode-MacOS.png should match height and width" time="0.0026" asserts="0" success="True" result="Success" executed="True" />
              <test-case description="Microsoft-Whiteboard.png should match height and width" name="All images should be square.Microsoft-Whiteboard.png should match height and width" time="0.0023" asserts="0" success="True" result="Success" executed="True" />
              <test-case description="Microsoft-Word.png should match height and width" name="All images should be square.Microsoft-Word.png should match height and width" time="0.0025" asserts="0" success="True" result="Success" executed="True" />
              <test-case description="Microsoft-WorkFolders.png should match height and width" name="All images should be square.Microsoft-WorkFolders.png should match height and width" time="0.0025" asserts="0" success="True" result="Success" executed="True" />
              <test-case description="Microsoft-Yammer.png should match height and width" name="All images should be square.Microsoft-Yammer.png should match height and width" time="0.0028" asserts="0" success="True" result="Success" executed="True" />
              <test-case description="Mozilla-Firefox.png should match height and width" name="All images should be square.Mozilla-Firefox.png should match height and width" time="0.0035" asserts="0" success="True" result="Success" executed="True" />
              <test-case description="Paint.Net.png should match height and width" name="All images should be square.Paint.Net.png should match height and width" time="0.0031" asserts="0" success="True" result="Success" executed="True" />
              <test-case description="qlikview.png should match height and width" name="All images should be square.qlikview.png should match height and width" time="0.0033" asserts="0" success="True" result="Success" executed="True" />
              <test-case description="Zoom.png should match height and width" name="All images should be square.Zoom.png should match height and width" time="0.0028" asserts="0" success="True" result="Success" executed="True" />
            </results>
          </test-suite>
        </results>
      </test-suite>
    </results>
  </test-suite>
</test-results>